November 23, 2023 03:23:10PM	nicko_15	Changed Sensors Sensitivity
November 23, 2023 03:23:25PM	nicko_15	Changed Sensors Sensitivity
November 23, 2023 03:23:35PM	nicko_15	Edited Account Details
November 23, 2023 03:58:10PM	nicko_15	Edited Account Details
November 23, 2023 03:58:12PM	nicko_15	Edited Account Details
November 23, 2023 03:58:16PM	nicko_15	Changed Sensors Sensitivity
November 23, 2023 03:58:24PM	nicko_15	Removed Profile Picture
November 23, 2023 03:58:28PM	nicko_15	Uploaded A Profile Picture
November 23, 2023 03:58:33PM	nicko_15	Logout
November 23, 2023 03:58:48PM	nicko_15	Login
November 23, 2023 03:58:54PM	nicko_15	Changed Sensors Sensitivity
November 23, 2023 03:59:26PM	nicko_15	Edited Account Details
November 23, 2023 03:59:35PM	nicko_15	Changed Sensors Sensitivity
November 23, 2023 03:59:39PM	nicko_15	Changed Sensors Sensitivity
November 23, 2023 04:02:33PM	nicko_15	Changed Sensors Sensitivity
November 23, 2023 04:02:42PM	nicko_15	Changed Sensors Sensitivity
November 23, 2023 04:02:45PM	nicko_15	Changed Sensors Sensitivity
November 23, 2023 04:12:15PM	nicko_15	Updated Address
November 23, 2023 04:13:12PM	nicko_15	Changed Sensors Sensitivity
November 23, 2023 04:30:43PM	nicko_15	Removed Profile Picture
November 24, 2023 02:15:37AM	nicko_15	Login
November 24, 2023 08:21:23PM	nicko_15	Login
November 25, 2023 07:26:18PM	nicko_15	Login
November 26, 2023 12:34:14AM	nicko_15	Logout
November 26, 2023 04:15:50AM	nicko_15	Login
November 26, 2023 04:44:28AM	nicko_15	Login
November 27, 2023 02:56:23AM	nicko_15	Login
November 27, 2023 04:08:35AM	nicko_15	Logout
November 27, 2023 04:37:35AM	nicko_15	Login
November 27, 2023 06:11:50PM	nicko_15	Login
November 27, 2023 06:12:19PM	nicko_15	Logout
November 27, 2023 06:12:42PM	nicko_15	Login
November 27, 2023 06:33:01PM	nicko_15	Logout
November 27, 2023 06:34:23PM	nicko_15	Login
November 27, 2023 06:46:49PM	nicko_15	Logout
November 27, 2023 06:53:19PM	nicko_15	Signed up
November 27, 2023 06:54:38PM	nicko_15	Login
November 27, 2023 06:55:09PM	nicko_15	Logout
November 27, 2023 06:56:10PM	nicko_15	Login
November 27, 2023 06:56:32PM	nicko_15	Logout
November 27, 2023 06:57:35PM	nicko_15	Login
November 27, 2023 06:58:28PM	nicko_15	Changed Sensors Sensitivity
November 27, 2023 06:58:34PM	nicko_15	Changed Sensors Sensitivity
November 27, 2023 07:07:18PM	nicko_15	Changed Sensors Sensitivity
November 27, 2023 07:10:32PM	nicko_15	Edited Account Details
November 27, 2023 07:11:54PM	nicko_15	Uploaded A Profile Picture
November 27, 2023 07:12:29PM	nicko_15	Updated Address
November 27, 2023 07:17:49PM	nicko_15	Changed Password
November 27, 2023 07:18:08PM	nicko_15	Login
November 27, 2023 07:18:15PM	nicko_15	Logout
November 27, 2023 07:19:59PM	nicko_15	Login
November 28, 2023 04:03:29AM	nicko_15	Logout
November 28, 2023 04:33:22AM	nicko_15	Login
November 30, 2023 01:48:52AM	nicko_15	Login
November 30, 2023 02:02:22AM	nicko_15	Changed Sensors Sensitivity
November 30, 2023 02:02:24AM	nicko_15	Changed Sensors Sensitivity
November 30, 2023 02:20:55AM	nicko_15	Changed Sensors Sensitivity
November 30, 2023 02:21:59AM	nicko_15	Changed Sensors Sensitivity
November 30, 2023 02:35:58AM	nicko_15	Changed Sensors Sensitivity
November 30, 2023 02:36:28AM	nicko_15	Changed Sensors Sensitivity
November 30, 2023 03:12:22AM	nicko_15	Changed Sensors Sensitivity
November 30, 2023 03:13:10AM	nicko_15	Changed Sensors Sensitivity
November 30, 2023 03:13:18AM	nicko_15	Changed Sensors Sensitivity
November 30, 2023 03:13:24AM	nicko_15	Changed Sensors Sensitivity
November 30, 2023 03:13:32AM	nicko_15	Changed Sensors Sensitivity
November 30, 2023 03:15:58AM	nicko_15	Changed Sensors Sensitivity
November 30, 2023 03:16:32AM	nicko_15	Changed Sensors Sensitivity
November 30, 2023 03:17:10AM	nicko_15	Changed Sensors Sensitivity
November 30, 2023 03:17:14AM	nicko_15	Changed Sensors Sensitivity
November 30, 2023 03:18:27AM	nicko_15	Changed Sensors Sensitivity
November 30, 2023 03:18:31AM	nicko_15	Changed Sensors Sensitivity
November 30, 2023 03:19:16AM	nicko_15	Changed Sensors Sensitivity
November 30, 2023 03:19:21AM	nicko_15	Changed Sensors Sensitivity
November 30, 2023 03:27:17AM	nicko_15	Changed Sensors Sensitivity
November 30, 2023 03:28:28AM	nicko_15	Changed Sensors Sensitivity
November 30, 2023 03:29:41AM	nicko_15	Changed Sensors Sensitivity
November 30, 2023 03:29:45AM	nicko_15	Changed Sensors Sensitivity
November 30, 2023 03:31:04AM	nicko_15	Changed Sensors Sensitivity
November 30, 2023 03:31:19AM	nicko_15	Changed Sensors Sensitivity
November 30, 2023 03:31:27AM	nicko_15	Changed Sensors Sensitivity
November 30, 2023 03:31:34AM	nicko_15	Changed Sensors Sensitivity
November 30, 2023 03:33:52AM	nicko_15	Changed Sensors Sensitivity
November 30, 2023 03:33:56AM	nicko_15	Changed Sensors Sensitivity
November 30, 2023 03:34:00AM	nicko_15	Changed Sensors Sensitivity
November 30, 2023 03:36:31AM	nicko_15	Changed Sensors Sensitivity
November 30, 2023 03:36:36AM	nicko_15	Changed Sensors Sensitivity
November 30, 2023 03:36:55AM	nicko_15	Changed Sensors Sensitivity
November 30, 2023 03:40:34AM	nicko_15	Changed Sensors Sensitivity
November 30, 2023 03:40:52AM	nicko_15	Changed Sensors Sensitivity
November 30, 2023 03:41:12AM	nicko_15	Changed Sensors Sensitivity
November 30, 2023 03:49:36AM	nicko_15	Changed Sensors Sensitivity
November 30, 2023 03:52:22AM	nicko_15	Changed Sensors Sensitivity
November 30, 2023 03:52:48AM	nicko_15	Changed Sensors Sensitivity
November 30, 2023 03:52:56AM	nicko_15	Changed Sensors Sensitivity
November 30, 2023 03:54:34AM	nicko_15	Changed Sensors Sensitivity
November 30, 2023 03:58:37AM	nicko_15	Changed Sensors Sensitivity
November 30, 2023 03:58:49AM	nicko_15	Changed Sensors Sensitivity
November 30, 2023 09:59:31AM	nicko_15	Login
November 30, 2023 09:59:37AM	nicko_15	Changed Sensors Sensitivity
November 30, 2023 09:59:46AM	nicko_15	Changed Sensors Sensitivity
November 30, 2023 10:00:16AM	nicko_15	Changed Sensors Sensitivity
November 30, 2023 10:00:48AM	nicko_15	Changed Sensors Sensitivity
November 30, 2023 10:01:03AM	nicko_15	Changed Sensors Sensitivity
November 30, 2023 10:03:39AM	nicko_15	Logout
November 30, 2023 10:07:24AM	nicko_15	Login
November 30, 2023 10:07:30AM	nicko_15	Changed Sensors Sensitivity
November 30, 2023 10:07:34AM	nicko_15	Changed Sensors Sensitivity
November 30, 2023 10:07:38AM	nicko_15	Changed Sensors Sensitivity
November 30, 2023 10:07:42AM	nicko_15	Changed Sensors Sensitivity
November 30, 2023 10:07:46AM	nicko_15	Changed Sensors SensitivityNovember 30, 2023 10:10:50AM	nicko_15	Changed Sensors Sensitivity
November 30, 2023 10:10:57AM	nicko_15	Changed Sensors Sensitivity
November 30, 2023 10:11:12AM	nicko_15	Changed Sensors Sensitivity
November 30, 2023 11:58:27AM	nicko_15	Login
November 30, 2023 11:58:36AM	nicko_15	Changed Sensors Sensitivity
November 30, 2023 11:58:52AM	nicko_15	Changed Sensors Sensitivity
November 30, 2023 11:59:11AM	nicko_15	Changed Sensors Sensitivity
November 30, 2023 11:59:25AM	nicko_15	Changed Sensors Sensitivity
November 30, 2023 12:00:12PM	nicko_15	Changed Sensors SensitivityNovember 30, 2023 12:07:53PM	nicko_15	Changed Sensors Sensitivity
November 30, 2023 12:07:59PM	nicko_15	Changed Sensors SensitivityDecember 01, 2023 10:30:48AM	nicko_15	Login
